{
  "stats": {
    "suites": 1,
    "tests": 2,
    "passes": 2,
    "pending": 0,
    "failures": 0,
    "start": "2024-10-17T16:55:45.973Z",
    "end": "2024-10-17T16:55:54.726Z",
    "duration": 8753,
    "testsRegistered": 2,
    "passPercent": 100,
    "pendingPercent": 0,
    "other": 0,
    "hasOther": false,
    "skipped": 0,
    "hasSkipped": false
  },
  "results": [
    {
      "uuid": "8896ac89-88d5-4bed-b73e-83f01bd1ed0e",
      "title": "",
      "fullFile": "cypress/e2e/login.cy.js",
      "file": "cypress/e2e/login.cy.js",
      "beforeHooks": [],
      "afterHooks": [],
      "tests": [],
      "suites": [
        {
          "uuid": "9ff5ccbb-b38d-4e9d-b5c5-f0c27336ffe1",
          "title": "Login Flow",
          "fullFile": "",
          "file": "",
          "beforeHooks": [],
          "afterHooks": [],
          "tests": [
            {
              "title": "should display an error for invalid credentials",
              "fullTitle": "Login Flow should display an error for invalid credentials",
              "timedOut": null,
              "duration": 2863,
              "state": "passed",
              "speed": "fast",
              "pass": true,
              "fail": false,
              "pending": false,
              "context": null,
              "code": "// Arrange\n_loginPage.loginPage.visit();\n// Act\n_loginPage.loginPage.enterUsername('invalidUsername');\n_loginPage.loginPage.enterPassword('invalidPassword');\n_loginPage.loginPage.submit();\n// cy.pause();\n// Assert\nconsole.log(cy.get(\"#error\"));\ncy.get('#error').invoke('text').should('match', /Your (password|username) is invalid!/);",
              "err": {},
              "uuid": "ab3f271c-dfd4-42e6-bc75-0b3714965395",
              "parentUUID": "9ff5ccbb-b38d-4e9d-b5c5-f0c27336ffe1",
              "isHook": false,
              "skipped": false
            },
            {
              "title": "should successfully login with valid credentials",
              "fullTitle": "Login Flow should successfully login with valid credentials",
              "timedOut": null,
              "duration": 2198,
              "state": "passed",
              "speed": "fast",
              "pass": true,
              "fail": false,
              "pending": false,
              "context": null,
              "code": "// Arrange\n_loginPage.loginPage.visit();\n// Act\n_loginPage.loginPage.enterUsername(_constants.USERNAME);\n_loginPage.loginPage.enterPassword(_constants.PASSWORD);\n_loginPage.loginPage.submit();\n// Assert\ncy.url().should('include', '/logged-in-successfully');\ncy.get('.post-title').should('contain', 'Logged In Successfully');",
              "err": {},
              "uuid": "a057c71c-5769-4517-8197-7eb746d63089",
              "parentUUID": "9ff5ccbb-b38d-4e9d-b5c5-f0c27336ffe1",
              "isHook": false,
              "skipped": false
            }
          ],
          "suites": [],
          "passes": [
            "ab3f271c-dfd4-42e6-bc75-0b3714965395",
            "a057c71c-5769-4517-8197-7eb746d63089"
          ],
          "failures": [],
          "pending": [],
          "skipped": [],
          "duration": 5061,
          "root": false,
          "rootEmpty": false,
          "_timeout": 2000
        }
      ],
      "passes": [],
      "failures": [],
      "pending": [],
      "skipped": [],
      "duration": 0,
      "root": true,
      "rootEmpty": true,
      "_timeout": 2000
    }
  ],
  "meta": {
    "mocha": {
      "version": "7.0.1"
    },
    "mochawesome": {
      "options": {
        "quiet": false,
        "reportFilename": "mochawesome",
        "saveHtml": true,
        "saveJson": true,
        "consoleReporter": "spec",
        "useInlineDiffs": false,
        "code": true
      },
      "version": "7.1.3"
    },
    "marge": {
      "options": {
        "reportDir": "cypress/reports",
        "overwrite": false,
        "html": true,
        "json": true,
        "charts": true,
        "embeddedScreenshots": true,
        "inlineAssets": true
      },
      "version": "6.2.0"
    }
  }
}