{
  "stats": {
    "suites": 1,
    "tests": 2,
    "passes": 2,
    "pending": 0,
    "failures": 0,
    "start": "2024-10-21T09:53:58.472Z",
    "end": "2024-10-21T09:54:06.218Z",
    "duration": 7746,
    "testsRegistered": 2,
    "passPercent": 100,
    "pendingPercent": 0,
    "other": 0,
    "hasOther": false,
    "skipped": 0,
    "hasSkipped": false
  },
  "results": [
    {
      "uuid": "ddc7361c-1009-45f0-a341-138b4d3b9419",
      "title": "",
      "fullFile": "cypress/e2e/1_login.cy.js",
      "file": "cypress/e2e/1_login.cy.js",
      "beforeHooks": [],
      "afterHooks": [],
      "tests": [],
      "suites": [
        {
          "uuid": "a4d6f9bf-4235-4b6e-bee6-90d50afe2518",
          "title": "Login Flow",
          "fullFile": "",
          "file": "",
          "beforeHooks": [],
          "afterHooks": [],
          "tests": [
            {
              "title": "should display an error for invalid credentials",
              "fullTitle": "Login Flow should display an error for invalid credentials",
              "timedOut": null,
              "duration": 2824,
              "state": "passed",
              "speed": "fast",
              "pass": true,
              "fail": false,
              "pending": false,
              "context": null,
              "code": "// Arrange\n_loginPage.loginPage.visit();\n// Act\n_loginPage.loginPage.enterUsername('invalidUsername');\n_loginPage.loginPage.enterPassword('invalidPassword');\n_loginPage.loginPage.submit();\n// cy.pause();\n// Assert\nconsole.log(cy.get(\"#error\"));\ncy.get('#error').invoke('text').should('match', /Your (password|username) is invalid!/);",
              "err": {},
              "uuid": "1dcfee1f-3ba8-43b6-9141-3dc44fde76d8",
              "parentUUID": "a4d6f9bf-4235-4b6e-bee6-90d50afe2518",
              "isHook": false,
              "skipped": false
            },
            {
              "title": "should successfully login with valid credentials",
              "fullTitle": "Login Flow should successfully login with valid credentials",
              "timedOut": null,
              "duration": 2320,
              "state": "passed",
              "speed": "fast",
              "pass": true,
              "fail": false,
              "pending": false,
              "context": null,
              "code": "// Arrange\n_loginPage.loginPage.visit();\n// Act\n_loginPage.loginPage.enterUsername(_constants.USERNAME);\n_loginPage.loginPage.enterPassword(_constants.PASSWORD);\n_loginPage.loginPage.submit();\n// Assert\ncy.url().should('include', '/logged-in-successfully');\ncy.get('.post-title').should('contain', 'Logged In Successfully');",
              "err": {},
              "uuid": "0d252249-64cf-4ff1-972a-961eaeece9ae",
              "parentUUID": "a4d6f9bf-4235-4b6e-bee6-90d50afe2518",
              "isHook": false,
              "skipped": false
            }
          ],
          "suites": [],
          "passes": [
            "1dcfee1f-3ba8-43b6-9141-3dc44fde76d8",
            "0d252249-64cf-4ff1-972a-961eaeece9ae"
          ],
          "failures": [],
          "pending": [],
          "skipped": [],
          "duration": 5144,
          "root": false,
          "rootEmpty": false,
          "_timeout": 2000
        }
      ],
      "passes": [],
      "failures": [],
      "pending": [],
      "skipped": [],
      "duration": 0,
      "root": true,
      "rootEmpty": true,
      "_timeout": 2000
    }
  ],
  "meta": {
    "mocha": {
      "version": "7.0.1"
    },
    "mochawesome": {
      "options": {
        "quiet": false,
        "reportFilename": "mochawesome",
        "saveHtml": false,
        "saveJson": true,
        "consoleReporter": "spec",
        "useInlineDiffs": false,
        "code": true
      },
      "version": "7.1.3"
    },
    "marge": {
      "options": {
        "reportDir": "cypress/reports",
        "overwrite": false,
        "html": false,
        "json": true,
        "charts": true,
        "embeddedScreenshots": true,
        "inlineAssets": true
      },
      "version": "6.2.0"
    }
  }
}